<?xml version="1.0" encoding="UTF-8"?>
<!-- Generated by org.testng.reporters.JUnitXMLReporter -->
<testsuite ignored="9" hostname="MT-DMB9WZ2" failures="0" tests="1" name="Default test" time="9.959" errors="0" timestamp="29 Jul 2022 12:37:50 GMT">
  <testcase classname="runner.Base" name="registerTest" time="9.627"/>
  <testcase classname="runner.Base" name="brandsTest" time="0.0">
    <ignored/>
  </testcase> <!-- brandsTest -->
  <testcase classname="runner.Base" name="slidesTest" time="0.0">
    <ignored/>
  </testcase> <!-- slidesTest -->
  <testcase classname="runner.Base" name="loginTest" time="0.0">
    <ignored/>
  </testcase> <!-- loginTest -->
  <testcase classname="runner.Base" name="contactTest" time="0.0">
    <ignored/>
  </testcase> <!-- contactTest -->
  <testcase classname="runner.Base" name="searchTest" time="0.0">
    <ignored/>
  </testcase> <!-- searchTest -->
  <testcase classname="runner.Base" name="footerTest" time="0.0">
    <ignored/>
  </testcase> <!-- footerTest -->
  <testcase classname="runner.Base" name="stainTest" time="0.0">
    <ignored/>
  </testcase> <!-- stainTest -->
  <testcase classname="runner.Base" name="reviewTest" time="0.0">
    <ignored/>
  </testcase> <!-- reviewTest -->
  <testcase classname="runner.Base" name="shopPTest" time="0.0">
    <ignored/>
  </testcase> <!-- shopPTest -->
</testsuite> <!-- Default test -->
