<?xml version="1.0" encoding="UTF-8"?>
<testng-results ignored="9" total="10" passed="1" failed="0" skipped="0">
  <reporter-output>
  </reporter-output>
  <suite started-at="2022-07-29T12:37:40Z" name="Default suite" finished-at="2022-07-29T12:37:50Z" duration-ms="9959">
    <groups>
    </groups>
    <test started-at="2022-07-29T12:37:40Z" name="Default test" finished-at="2022-07-29T12:37:50Z" duration-ms="9959">
      <class name="runner.Base">
        <test-method is-config="true" signature="before()[pri:0, instance:runner.Base@4201a617]" started-at="2022-07-29T12:37:37Z" name="before" finished-at="2022-07-29T12:37:40Z" duration-ms="2219" status="PASS">
          <reporter-output>
          </reporter-output>
        </test-method> <!-- before -->
        <test-method signature="registerTest()[pri:1, instance:runner.Base@4201a617]" started-at="2022-07-29T12:37:40Z" name="registerTest" finished-at="2022-07-29T12:37:49Z" duration-ms="9627" status="PASS">
          <reporter-output>
          </reporter-output>
        </test-method> <!-- registerTest -->
        <test-method is-config="true" signature="teardown(org.testng.ITestResult)[pri:0, instance:runner.Base@4201a617]" started-at="2022-07-29T12:37:49Z" name="teardown" finished-at="2022-07-29T12:37:49Z" duration-ms="3" status="PASS">
          <params>
            <param index="0">
              <value>
                <![CDATA[[TestResult name=registerTest status=SUCCESS method=Base.registerTest()[pri:1, instance:runner.Base@4201a617] output={null}]]]>
              </value>
            </param>
          </params>
          <reporter-output>
          </reporter-output>
        </test-method> <!-- teardown -->
        <test-method is-config="true" signature="quit()[pri:0, instance:runner.Base@4201a617]" started-at="2022-07-29T12:37:49Z" name="quit" finished-at="2022-07-29T12:37:50Z" duration-ms="308" status="PASS">
          <reporter-output>
          </reporter-output>
        </test-method> <!-- quit -->
      </class> <!-- runner.Base -->
    </test> <!-- Default test -->
  </suite> <!-- Default suite -->
</testng-results>
